40497.2
40519.03333333333
40465.96666666667
40341.3
40201.7
40016.7
39833.86666666667
39576.566666666666
39290.1
38972.066666666666
38646.9
38340.26666666667
37902.0
37608.833333333336
37163.433333333334
36685.46666666667
36272.1
35825.5
35203.7
34811.166666666664
34478.2
33860.933333333334
33240.13333333333
32867.4
32259.166666666668
31919.066666666666
31331.8
31116.8
30275.466666666667
30219.933333333334
29822.233333333334
29244.1
28925.166666666668
28641.733333333334
28433.1
28010.933333333334
27778.4
27778.4
27461.9
27121.966666666667
27029.766666666666
26920.366666666665
26755.866666666665
26652.833333333332
26416.1
26309.733333333334
26281.366666666665
26237.5
26115.566666666666
26076.966666666667
26091.333333333332
25811.033333333333
25768.3
25748.266666666666
25726.033333333333
25677.333333333332
25657.633333333335
25658.6
25682.8
25712.666666666668
25571.066666666666
25404.5
25404.5
25392.5
25397.033333333333
25419.4
25424.066666666666
25429.866666666665
25432.1
25439.666666666668
25439.666666666668
25443.2
25455.066666666666
25466.7
25159.233333333334
25125.266666666666
25130.966666666667
25129.966666666667
25129.966666666667
25137.133333333335
25159.366666666665
25159.366666666665
25159.3
25159.3
25172.6
25181.866666666665
25189.233333333334
25179.9
25181.066666666666
25181.066666666666
25170.633333333335
25139.4
25118.6
25093.533333333333
25100.733333333334
25073.0
24769.733333333334
24762.8
24762.8
24752.0
24752.0
24752.0
24767.9
24768.166666666668
24775.4
24775.4
24779.366666666665
24776.766666666666
24776.766666666666
24773.0
24773.0
24780.766666666666
24780.766666666666
24780.766666666666
24762.566666666666
24762.566666666666
24768.9
24759.366666666665
24759.366666666665
24752.5
24752.5
24737.333333333332
24737.333333333332
24716.633333333335
24724.966666666667
24713.933333333334
24707.1
24707.1
24706.3
24684.966666666667
24666.533333333333
24652.6
24615.166666666668
24601.2
24586.266666666666
24288.666666666668
24288.666666666668
24291.566666666666
24291.566666666666
24291.566666666666
24297.633333333335
24297.633333333335
24293.866666666665
24293.866666666665
24293.866666666665
24311.966666666667
24311.966666666667
24311.966666666667
24325.1
24304.6
24304.6
24310.0
24310.0
24310.0
24322.6
24322.6
24322.6
24317.166666666668
24317.166666666668
24317.166666666668
24320.1
24329.066666666666
24329.066666666666
24328.333333333332
24328.333333333332
24328.333333333332
24333.066666666666
24333.066666666666
24318.166666666668
24315.9
24315.9
24315.9
24317.833333333332
24322.2
24322.2
24320.333333333332
24320.333333333332
24320.333333333332
24310.233333333334
24310.233333333334
24310.233333333334
24310.233333333334
24310.233333333334
24310.233333333334
24310.233333333334
24296.733333333334
24300.533333333333
24300.533333333333
24300.633333333335
24300.266666666666
24300.266666666666
24300.266666666666
24301.966666666667
24301.966666666667
24301.966666666667
24290.566666666666
24290.566666666666
24277.633333333335
24277.633333333335
24270.333333333332
24270.333333333332
24270.333333333332
24259.0
24270.6
24264.866666666665
24244.866666666665
24257.766666666666
24249.966666666667
24249.966666666667
24241.966666666667
24245.766666666666
24245.766666666666
24216.466666666667
24213.433333333334
24208.266666666666
24206.9
24206.9
24201.466666666667
24192.4
24182.8
24166.9
24178.433333333334
24142.466666666667
24127.866666666665
24120.5
24112.4
23872.8
23872.8
23872.8
23872.8
23878.033333333333
23878.033333333333
23878.033333333333
23878.033333333333
23891.4
23891.4
23891.4
23891.4
23891.4
23893.966666666667
23893.966666666667
23893.966666666667
23893.966666666667
23886.3
23886.3
23886.3
23886.3
23886.3
23878.333333333332
23878.333333333332
23878.333333333332
23878.333333333332
23878.333333333332
23893.1
23893.1
23893.1
