40497.2
40537.03333333333
40401.9
40128.066666666666
39680.6
39149.53333333333
38755.46666666667
38394.166666666664
38008.433333333334
37633.433333333334
37224.53333333333
36846.9
36424.46666666667
36019.03333333333
35585.96666666667
35164.433333333334
34747.333333333336
34310.1
33858.03333333333
33448.96666666667
33055.1
32694.233333333334
32298.6
31939.533333333333
31592.3
31288.966666666667
30981.033333333333
30657.866666666665
30364.133333333335
30089.4
29838.4
29600.466666666667
29363.766666666666
29162.7
28941.166666666668
28731.766666666666
28541.666666666668
28354.233333333334
28192.3
28059.633333333335
27924.3
27763.366666666665
27603.933333333334
27498.8
27384.5
27291.1
27158.5
27090.9
26987.533333333333
26893.0
26804.7
26729.033333333333
26644.933333333334
26561.966666666667
26487.966666666667
26431.1
26351.566666666666
26282.2
26230.866666666665
26161.3
26104.0
26045.933333333334
25994.0
25945.733333333334
25917.9
25863.5
25831.5
25780.466666666667
25725.333333333332
25686.4
25648.7
25587.766666666666
25555.0
25531.333333333332
25482.233333333334
25421.4
25390.1
25381.233333333334
25335.733333333334
25316.466666666667
25290.666666666668
25274.7
25241.3
25195.233333333334
25166.7
25156.433333333334
25126.733333333334
25097.1
25072.033333333333
25062.033333333333
25037.533333333333
25011.366666666665
24975.233333333334
24965.866666666665
24947.233333333334
24910.233333333334
24908.1
24891.266666666666
24870.433333333334
24850.833333333332
24826.3
24820.966666666667
24806.833333333332
24774.033333333333
24757.566666666666
24751.833333333332
24732.433333333334
24704.633333333335
24684.7
24674.966666666667
24670.533333333333
24666.666666666668
24656.9
24634.966666666667
24603.366666666665
24603.8
24591.8
24589.0
24569.933333333334
24551.566666666666
24547.266666666666
24543.733333333334
24529.066666666666
24515.4
24502.533333333333
24500.933333333334
24499.133333333335
24497.733333333334
24476.6
24465.433333333334
24452.366666666665
24442.033333333333
24431.966666666667
24424.666666666668
24414.833333333332
24407.433333333334
24396.766666666666
24391.066666666666
24401.133333333335
24374.933333333334
24341.966666666667
24338.9
24358.333333333332
24355.3
24336.166666666668
24320.4
24304.066666666666
24315.266666666666
24297.333333333332
24292.666666666668
24303.733333333334
24287.166666666668
24276.033333333333
24275.7
24261.466666666667
24255.3
24248.033333333333
24239.166666666668
24226.333333333332
24226.266666666666
24213.166666666668
24211.2
24210.466666666667
24210.166666666668
24196.866666666665
24192.533333333333
24195.033333333333
24175.0
24168.8
24151.566666666666
24155.9
24155.133333333335
24149.366666666665
24141.133333333335
24143.433333333334
24144.7
24128.9
24131.7
24133.066666666666
24121.066666666666
24103.866666666665
24098.033333333333
24103.533333333333
24105.9
24095.8
24087.1
24094.266666666666
24085.866666666665
24081.733333333334
24085.666666666668
24079.4
24071.366666666665
24071.8
24056.433333333334
24054.033333333333
24037.1
24045.833333333332
24052.0
24049.333333333332
24048.633333333335
24030.433333333334
24034.666666666668
24040.233333333334
24039.533333333333
24032.166666666668
24019.866666666665
24013.033333333333
24011.7
24013.933333333334
24012.066666666666
24008.7
24006.866666666665
24002.333333333332
24005.033333333333
23998.966666666667
23992.5
23980.433333333334
23978.133333333335
23977.1
23975.633333333335
23977.5
23982.0
23981.9
23972.633333333335
23979.033333333333
23974.633333333335
23971.566666666666
23975.266666666666
23968.666666666668
23975.433333333334
23971.566666666666
23973.533333333333
23969.6
23976.433333333334
23974.6
23977.8
23989.133333333335
23983.4
23983.466666666667
23983.6
23975.566666666666
23975.966666666667
23966.266666666666
23979.666666666668
23974.7
23977.333333333332
23979.233333333334
23975.1
23978.3
23982.066666666666
23973.7
23974.133333333335
23964.133333333335
23954.566666666666
23949.066666666666
23960.7
