57561.53333333333
57574.5
57574.9
57574.933333333334
57575.0
57575.0
57575.0
57575.0
57575.0
57575.0
57575.0
57575.0
57575.0
57575.0
57575.0
57575.0
57575.0
57575.0
57575.0
57575.0
57575.0
57575.0
57575.0
57575.0
57575.0
57575.0
57575.0
57575.0
57575.0
57575.0
57575.0
57575.0
57575.0
57575.0
57575.0
57575.0
57575.0
57575.0
57575.0
57575.0
57575.0
57575.0
57575.0
57575.0
57575.0
57575.0
57575.0
57575.0
57575.0
57575.0
57575.0
57575.0
57575.0
57575.0
57575.0
57575.0
57575.0
57575.0
57575.0
57575.0
57575.0
57575.0
57575.0
57575.0
57575.0
57575.0
57575.0
57575.0
57575.0
57575.0
57575.0
57575.0
57575.0
57575.0
57575.0
57575.0
57575.0
57575.0
57575.0
57575.0
57575.0
57575.0
57575.0
57575.0
57575.0
57575.0
57575.0
57575.0
57575.0
57575.0
57575.0
57575.0
57575.0
57575.0
57575.0
57575.0
57575.0
57575.0
57575.0
57575.0
57575.0
57575.0
57575.0
57575.0
57575.0
57575.0
57575.0
57575.0
57575.0
57575.0
57575.0
57575.0
57575.0
57575.0
57575.0
57575.0
57575.0
57575.0
57575.0
57575.0
57575.0
57575.0
57575.0
57575.0
57575.0
57575.0
57575.0
57575.0
57575.0
57575.0
57575.0
57575.0
57575.0
57575.0
57575.0
57575.0
57575.0
57575.0
57575.0
57575.0
57575.0
57575.0
57575.0
57575.0
57575.0
57575.0
57575.0
57575.0
57575.0
57575.0
57575.0
57575.0
57575.0
57575.0
57575.0
57575.0
57575.0
57575.0
57575.0
57575.0
57575.0
57575.0
57575.0
57575.0
57575.0
57575.0
57575.0
57575.0
57575.0
57575.0
57575.0
57575.0
57575.0
57575.0
57575.0
57575.0
57575.0
57575.0
57575.0
57575.0
57575.0
57575.0
57575.0
57575.0
57575.0
57575.0
57575.0
57575.0
57575.0
57575.0
57575.0
57575.0
57575.0
57575.0
57575.0
57575.0
57575.0
57575.0
57575.0
57575.0
57575.0
57575.0
57575.0
57575.0
57575.0
57575.0
57575.0
57575.0
57575.0
57575.0
57575.0
57575.0
57575.0
57575.0
57575.0
57575.0
57575.0
57575.0
57575.0
57575.0
57575.0
57575.0
57575.0
57575.0
57575.0
57575.0
57575.0
57575.0
57575.0
57575.0
57575.0
57575.0
57575.0
57575.0
57575.0
57575.0
57575.0
57575.0
57575.0
57575.0
57575.0
57575.0
57575.0
57575.0
57575.0
57575.0
57575.0
57575.0
57575.0
57575.0
57575.0
57575.0
57575.0
57575.0
57575.0
57575.0
