41426.0
41477.46666666667
41508.76666666667
41352.166666666664
40966.5
40664.333333333336
40695.96666666667
40959.46666666667
41272.53333333333
41662.9
41929.566666666666
42193.6
42376.46666666667
42549.36666666667
42755.2
42845.03333333333
42936.066666666666
43010.13333333333
43073.36666666667
43068.9
43026.066666666666
43055.23333333333
42992.63333333333
42940.13333333333
42866.53333333333
42735.2
42608.4
42575.8
42535.76666666667
42483.9
42380.46666666667
42347.86666666667
42172.666666666664
42153.36666666667
42129.433333333334
42061.0
41960.566666666666
41893.666666666664
41827.73333333333
41822.3
41798.0
41675.2
41580.166666666664
41495.03333333333
41471.9
41328.833333333336
41239.833333333336
41152.26666666667
41127.4
41039.9
40959.46666666667
40911.5
40882.13333333333
40843.4
40866.3
40790.6
40829.76666666667
40794.2
40845.63333333333
40837.96666666667
40835.1
40819.933333333334
40831.46666666667
40808.9
40840.566666666666
40898.566666666666
40857.4
40880.8
40904.13333333333
40919.76666666667
41038.73333333333
41092.933333333334
41073.666666666664
41020.333333333336
41046.3
41071.6
41134.36666666667
41175.23333333333
41056.5
41013.63333333333
41018.2
41015.76666666667
41089.2
41009.53333333333
40966.86666666667
40962.433333333334
40959.7
40958.36666666667
40913.76666666667
40910.833333333336
40841.23333333333
40764.833333333336
40797.8
40770.433333333334
40834.0
40872.96666666667
40865.4
40816.26666666667
40770.833333333336
40780.2
40769.666666666664
40672.666666666664
40653.63333333333
40615.933333333334
40632.3
40612.46666666667
40592.26666666667
40583.23333333333
40583.86666666667
40499.066666666666
40483.1
40380.96666666667
40317.26666666667
40209.4
40109.433333333334
40106.066666666666
40102.8
40035.333333333336
39999.9
39938.53333333333
40044.066666666666
39904.96666666667
39883.1
39775.566666666666
39779.7
39679.63333333333
39656.333333333336
39631.23333333333
39549.26666666667
39545.433333333334
39585.7
39499.46666666667
39431.36666666667
39277.26666666667
39312.03333333333
39315.2
39303.76666666667
39292.63333333333
39217.566666666666
39196.3
39215.96666666667
39245.933333333334
39528.2
39393.166666666664
39340.9
39227.933333333334
39314.26666666667
39256.066666666666
39288.76666666667
39176.76666666667
39161.4
39041.3
39066.03333333333
38497.8
38910.96666666667
38904.23333333333
38966.73333333333
38956.63333333333
39012.86666666667
39049.833333333336
38973.2
38898.76666666667
38761.1
38699.566666666666
38682.0
38723.26666666667
38715.36666666667
38648.4
38546.066666666666
38669.7
38599.9
38595.23333333333
38547.8
38516.7
38348.36666666667
38205.333333333336
38182.46666666667
38051.63333333333
38275.76666666667
38262.03333333333
38447.86666666667
38500.9
38447.36666666667
38399.433333333334
38342.76666666667
38287.7
38224.03333333333
38196.53333333333
38148.6
38140.333333333336
38107.166666666664
38095.53333333333
38186.23333333333
38183.53333333333
38183.53333333333
38256.26666666667
38252.0
38266.666666666664
38245.26666666667
38222.666666666664
38170.13333333333
38156.96666666667
38062.6
38050.9
38035.0
38045.066666666666
37962.13333333333
38100.166666666664
38158.46666666667
38099.2
38124.2
38148.1
38159.46666666667
38590.166666666664
38636.46666666667
38641.3
38726.53333333333
38744.5
38899.26666666667
38877.73333333333
38927.9
38913.73333333333
38923.13333333333
38946.166666666664
38897.566666666666
38737.566666666666
38735.666666666664
38817.46666666667
38870.4
38845.1
38947.8
38898.13333333333
38935.36666666667
38957.4
38882.86666666667
38845.7
38837.23333333333
38853.166666666664
38876.566666666666
38900.63333333333
38764.066666666666
38120.26666666667
38117.066666666666
38119.7
38115.0
37912.7
37936.933333333334
37742.8
37502.066666666666
37524.53333333333
37519.53333333333
37542.066666666666
37330.23333333333
37365.73333333333
37314.433333333334
37214.6
