41426.0
41370.4
41319.566666666666
41194.8
41138.7
40980.1
40859.833333333336
40703.26666666667
40502.0
40360.0
40237.3
40131.73333333333
39949.36666666667
39925.1
39880.066666666666
39911.0
40013.7
40113.46666666667
40186.2
40312.13333333333
40416.2
40438.53333333333
40611.3
40850.4
40950.933333333334
40995.73333333333
41231.433333333334
41286.333333333336
41359.566666666666
41501.4
41613.53333333333
41676.666666666664
41684.13333333333
41814.666666666664
41865.2
42027.26666666667
42160.566666666666
42160.566666666666
42230.36666666667
42225.333333333336
42233.03333333333
42222.8
42250.0
42296.8
42266.4
42283.7
42270.933333333334
42272.833333333336
42264.46666666667
42284.0
42267.933333333334
42144.76666666667
42149.2
42196.8
42204.566666666666
42132.566666666666
42139.26666666667
42107.23333333333
42010.8
42041.0
41937.7
41793.933333333334
41793.933333333334
41754.86666666667
41787.63333333333
41727.46666666667
41770.566666666666
41792.73333333333
41794.833333333336
41643.2
41643.2
41564.4
41447.76666666667
41494.6
41408.96666666667
41294.63333333333
41248.13333333333
41286.96666666667
41286.96666666667
41201.76666666667
41124.3
41124.3
41123.0
41123.0
41008.433333333334
41000.066666666666
41077.76666666667
40991.53333333333
40938.1
40938.1
40940.96666666667
40904.666666666664
40894.73333333333
40801.7
40876.13333333333
40708.433333333334
40763.6
40763.2
40763.2
40594.666666666664
40594.666666666664
40594.666666666664
40670.23333333333
40674.9
40590.36666666667
40590.36666666667
40629.833333333336
40613.333333333336
40613.333333333336
40626.9
40626.9
40470.433333333334
40470.433333333334
40470.433333333334
40506.5
40506.5
40461.933333333334
40501.433333333334
40501.433333333334
40493.96666666667
40493.96666666667
40387.46666666667
40387.46666666667
40393.76666666667
40320.566666666666
40239.7
40310.433333333334
40310.433333333334
40282.2
40206.666666666664
40298.433333333334
40274.63333333333
40315.9
40262.5
40201.666666666664
40360.333333333336
40360.333333333336
40434.066666666666
40434.066666666666
40434.066666666666
40252.6
40252.6
40243.3
40243.3
40243.3
40344.8
40344.8
40344.8
40325.9
40413.53333333333
40413.53333333333
40335.23333333333
40335.23333333333
40335.23333333333
40235.5
40235.5
40235.5
40382.066666666666
40382.066666666666
40382.066666666666
40269.3
40398.63333333333
40398.63333333333
40281.76666666667
40281.76666666667
40281.76666666667
40398.4
40398.4
40443.86666666667
40410.53333333333
40410.53333333333
40410.53333333333
40441.833333333336
40387.433333333334
40387.433333333334
40381.833333333336
40381.833333333336
40381.833333333336
40449.23333333333
40449.23333333333
40449.23333333333
40449.23333333333
40375.833333333336
40375.833333333336
40375.833333333336
40424.666666666664
40315.166666666664
40315.166666666664
40432.6
40416.5
40416.5
40416.5
40420.23333333333
40420.23333333333
40420.23333333333
40421.166666666664
40421.166666666664
40157.8
40157.8
40172.53333333333
40172.53333333333
40172.53333333333
40371.833333333336
40180.7
40378.4
40405.9
40378.566666666666
40402.53333333333
40402.53333333333
40432.0
40425.3
40425.3
40354.666666666664
40182.76666666667
40068.066666666666
40053.1
40053.1
40199.3
40202.36666666667
40269.6
40524.3
40429.4
40391.26666666667
40354.2
40605.36666666667
40580.6
40563.73333333333
40563.73333333333
40563.73333333333
40563.73333333333
40746.86666666667
40746.86666666667
40746.86666666667
40746.86666666667
40433.26666666667
40433.26666666667
40433.26666666667
40433.26666666667
40433.26666666667
40825.6
40825.6
40825.6
40825.6
40522.3
40522.3
40522.3
40522.3
40522.3
40734.5
40734.5
40734.5
40734.5
40734.5
40537.433333333334
40537.433333333334
40537.433333333334
